<?xml version="1.0" encoding="UTF-8"?>
<!-- Generated by org.testng.reporters.JUnitReportReporter -->
<testsuite hostname="HOME" failures="0" tests="6" name="com.darkuros.selenium.tests.LoginTest" time="14.558" errors="0" timestamp="2025-06-17T11:11:19 IST" skipped="0">
  <testcase classname="com.darkuros.selenium.tests.LoginTest" name="isRegisterLinkWorking" time="3.830"/>
  <testcase classname="com.darkuros.selenium.tests.LoginTest" name="LoginWithInvalidUserEmail" time="2.547"/>
  <testcase classname="com.darkuros.selenium.tests.LoginTest" name="isForgotPasswordLinkWorking" time="1.150"/>
  <testcase classname="com.darkuros.selenium.tests.LoginTest" name="LoginWithInvalidPassword" time="2.569"/>
  <testcase classname="com.darkuros.selenium.tests.LoginTest" name="LoginWithInvalidCredentials" time="2.632"/>
  <testcase classname="com.darkuros.selenium.tests.LoginTest" name="LoginWithValidCredentials" time="1.830"/>
</testsuite> <!-- com.darkuros.selenium.tests.LoginTest -->
