<?xml version="1.0" encoding="UTF-8"?>
<!-- Generated by org.testng.reporters.JUnitReportReporter -->
<testsuite hostname="Zenith" failures="0" tests="7" name="com.darkuros.selenium.tests.ForgotPasswordTest" time="35.317" errors="0" timestamp="2025-09-16T09:30:48 IST" skipped="0">
  <testcase classname="com.darkuros.selenium.tests.ForgotPasswordTest" name="emptyPasswordAndConfirmPassword" time="4.911"/>
  <testcase classname="com.darkuros.selenium.tests.ForgotPasswordTest" name="emptyEmail" time="5.874"/>
  <testcase classname="com.darkuros.selenium.tests.ForgotPasswordTest" name="invalidEmail" time="3.822"/>
  <testcase classname="com.darkuros.selenium.tests.ForgotPasswordTest" name="saveNewPasswordWithValidCredentials" time="6.501"/>
  <testcase classname="com.darkuros.selenium.tests.ForgotPasswordTest" name="emptyPassword" time="4.263"/>
  <testcase classname="com.darkuros.selenium.tests.ForgotPasswordTest" name="emptyConfirmPassword" time="5.940"/>
  <testcase classname="com.darkuros.selenium.tests.ForgotPasswordTest" name="passwordsDontMatch" time="4.006"/>
</testsuite> <!-- com.darkuros.selenium.tests.ForgotPasswordTest -->
