<?xml version="1.0" encoding="UTF-8"?>
<!-- Generated by org.testng.reporters.JUnitReportReporter -->
<testsuite hostname="Zenith" failures="0" tests="4" name="com.darkuros.selenium.tests.RegisterTest" time="18.172" errors="0" timestamp="2025-09-16T09:30:48 IST" skipped="0">
  <testcase classname="com.darkuros.selenium.tests.RegisterTest" name="clickRegisterWithEmptyForm" time="4.382"/>
  <testcase classname="com.darkuros.selenium.tests.RegisterTest" name="registerUserWithOnlyRequiredFields" time="4.579"/>
  <testcase classname="com.darkuros.selenium.tests.RegisterTest" name="passwordLessThan8Chars" time="4.942"/>
  <testcase classname="com.darkuros.selenium.tests.RegisterTest" name="registerUserWithValidDetails" time="4.269"/>
</testsuite> <!-- com.darkuros.selenium.tests.RegisterTest -->
