<?xml version="1.0" encoding="UTF-8"?>
<!-- Generated by org.testng.reporters.JUnitReportReporter -->
<testsuite hostname="HOME" failures="0" tests="1" name="com.darkuros.selenium.tests.ForgotPasswordTest" time="1.830" errors="0" timestamp="2025-06-17T14:27:39 IST" skipped="0">
  <testcase classname="com.darkuros.selenium.tests.ForgotPasswordTest" name="passwordsDontMatch" time="1.830"/>
</testsuite> <!-- com.darkuros.selenium.tests.ForgotPasswordTest -->
