<?xml version="1.0" encoding="UTF-8"?>
<!-- Generated by org.testng.reporters.JUnitReportReporter -->
<testsuite hostname="Zenith" failures="0" tests="2" name="com.darkuros.selenium.tests.ForgotPasswordTest" time="9.098" errors="0" timestamp="2025-09-23T12:12:58 IST" skipped="0">
  <testcase classname="com.darkuros.selenium.tests.ForgotPasswordTest" name="emptyEmail" time="4.707"/>
  <testcase classname="com.darkuros.selenium.tests.ForgotPasswordTest" name="invalidEmail" time="4.391"/>
</testsuite> <!-- com.darkuros.selenium.tests.ForgotPasswordTest -->
