<?xml version="1.0" encoding="UTF-8"?>
<!-- Generated by org.testng.reporters.JUnitReportReporter -->
<testsuite hostname="Zenith" failures="0" tests="6" name="com.darkuros.selenium.tests.LoginTest" time="23.815" errors="0" timestamp="2025-09-27T18:46:51 IST" skipped="0">
  <testcase classname="com.darkuros.selenium.tests.LoginTest" name="loginScenarios" time="4.005"/>
  <testcase classname="com.darkuros.selenium.tests.LoginTest" name="loginScenarios" time="3.844"/>
  <testcase classname="com.darkuros.selenium.tests.LoginTest" name="isForgotPasswordLinkWorking" time="3.507"/>
  <testcase classname="com.darkuros.selenium.tests.LoginTest" name="isRegisterLinkWorking" time="4.115"/>
  <testcase classname="com.darkuros.selenium.tests.LoginTest" name="loginScenarios" time="3.873"/>
  <testcase classname="com.darkuros.selenium.tests.LoginTest" name="loginScenarios" time="4.471"/>
</testsuite> <!-- com.darkuros.selenium.tests.LoginTest -->
