<?xml version="1.0" encoding="UTF-8"?>
<!-- Generated by org.testng.reporters.JUnitReportReporter -->
<testsuite hostname="HOME" failures="0" tests="6" name="com.darkuros.selenium.tests.LoginTest" time="16.583" errors="0" timestamp="2025-06-28T12:39:08 IST" skipped="0">
  <testcase classname="com.darkuros.selenium.tests.LoginTest" name="LoginWithInvalidCredentials" time="2.737"/>
  <testcase classname="com.darkuros.selenium.tests.LoginTest" name="isForgotPasswordLinkWorking" time="1.503"/>
  <testcase classname="com.darkuros.selenium.tests.LoginTest" name="LoginWithInvalidUserEmail" time="3.256"/>
  <testcase classname="com.darkuros.selenium.tests.LoginTest" name="isRegisterLinkWorking" time="5.316"/>
  <testcase classname="com.darkuros.selenium.tests.LoginTest" name="LoginWithInvalidPassword" time="1.693"/>
  <testcase classname="com.darkuros.selenium.tests.LoginTest" name="LoginWithValidCredentials" time="2.078"/>
</testsuite> <!-- com.darkuros.selenium.tests.LoginTest -->
