<?xml version="1.0" encoding="UTF-8"?>
<!-- Generated by org.testng.reporters.JUnitReportReporter -->
<testsuite hostname="HOME" failures="0" tests="1" name="com.darkuros.selenium.tests.RegisterTest" time="2.940" errors="0" timestamp="2025-06-23T11:30:54 IST" skipped="0">
  <testcase classname="com.darkuros.selenium.tests.RegisterTest" name="passwordLessThan8Chars" time="2.940"/>
</testsuite> <!-- com.darkuros.selenium.tests.RegisterTest -->
