<?xml version="1.0" encoding="UTF-8"?>
<!-- Generated by org.testng.reporters.JUnitReportReporter -->
<testsuite hostname="Zenith" failures="0" tests="7" name="com.darkuros.selenium.tests.LoginTest" time="25.045" errors="0" timestamp="2025-09-17T10:23:12 IST" skipped="1">
  <testcase classname="com.darkuros.selenium.tests.LoginTest" name="loginScenarios" time="4.037"/>
  <testcase classname="com.darkuros.selenium.tests.LoginTest" name="isForgotPasswordLinkWorking" time="3.561"/>
  <testcase classname="com.darkuros.selenium.tests.LoginTest" name="loginScenarios" time="3.325"/>
  <testcase classname="com.darkuros.selenium.tests.LoginTest" name="isRegisterLinkWorking" time="3.502"/>
  <testcase classname="com.darkuros.selenium.tests.LoginTest" name="loginScenarios" time="3.863"/>
  <testcase classname="com.darkuros.selenium.tests.LoginTest" name="loginScenarios" time="3.214">
    <skipped/>
  </testcase> <!-- loginScenarios -->
  <testcase classname="com.darkuros.selenium.tests.LoginTest" name="loginScenarios" time="3.543"/>
</testsuite> <!-- com.darkuros.selenium.tests.LoginTest -->
