<?xml version="1.0" encoding="UTF-8"?>
<!-- Generated by org.testng.reporters.JUnitReportReporter -->
<testsuite hostname="Zenith" failures="0" tests="4" name="com.darkuros.selenium.tests.RegisterTest" time="24.566" errors="0" timestamp="2025-09-28T16:31:46 IST" skipped="0">
  <testcase classname="com.darkuros.selenium.tests.RegisterTest" name="passwordLessThan8Chars" time="8.104"/>
  <testcase classname="com.darkuros.selenium.tests.RegisterTest" name="registerUserWithValidDetails" time="5.008"/>
  <testcase classname="com.darkuros.selenium.tests.RegisterTest" name="clickRegisterWithEmptyForm" time="5.981"/>
  <testcase classname="com.darkuros.selenium.tests.RegisterTest" name="registerUserWithOnlyRequiredFields" time="5.473"/>
</testsuite> <!-- com.darkuros.selenium.tests.RegisterTest -->
