<?xml version="1.0" encoding="UTF-8"?>
<!-- Generated by org.testng.reporters.JUnitReportReporter -->
<testsuite hostname="Zenith" failures="0" tests="1" name="com.darkuros.selenium.tests.LoginTest" time="2.419" errors="0" timestamp="2025-09-23T12:12:09 IST" skipped="0">
  <testcase classname="com.darkuros.selenium.tests.LoginTest" name="isForgotPasswordLinkWorking" time="2.419"/>
</testsuite> <!-- com.darkuros.selenium.tests.LoginTest -->
