<?xml version="1.0" encoding="UTF-8"?>
<!-- Generated by org.testng.reporters.JUnitReportReporter -->
<testsuite hostname="HOME" failures="0" tests="2" name="com.darkuros.selenium.tests.LoginTest" time="4.727" errors="0" timestamp="2025-06-15T00:04:33 IST" skipped="0">
  <testcase classname="com.darkuros.selenium.tests.LoginTest" name="LoginWithValidCredentials" time="2.192"/>
  <testcase classname="com.darkuros.selenium.tests.LoginTest" name="LoginWithInvalidCredentials" time="2.535"/>
</testsuite> <!-- com.darkuros.selenium.tests.LoginTest -->
