<?xml version="1.0" encoding="UTF-8"?>
<!-- Generated by org.testng.reporters.JUnitReportReporter -->
<testsuite hostname="Zenith" failures="0" tests="6" name="com.darkuros.selenium.tests.LoginTest" time="21.966" errors="0" timestamp="2025-08-04T11:06:37 IST" skipped="0">
  <testcase classname="com.darkuros.selenium.tests.LoginTest" name="loginScenarios" time="3.522"/>
  <testcase classname="com.darkuros.selenium.tests.LoginTest" name="loginScenarios" time="3.550"/>
  <testcase classname="com.darkuros.selenium.tests.LoginTest" name="loginScenarios" time="3.528"/>
  <testcase classname="com.darkuros.selenium.tests.LoginTest" name="loginScenarios" time="3.984"/>
  <testcase classname="com.darkuros.selenium.tests.LoginTest" name="isRegisterLinkWorking" time="3.324"/>
  <testcase classname="com.darkuros.selenium.tests.LoginTest" name="isForgotPasswordLinkWorking" time="4.058"/>
</testsuite> <!-- com.darkuros.selenium.tests.LoginTest -->
