<?xml version="1.0" encoding="UTF-8"?>
<!-- Generated by org.testng.reporters.JUnitReportReporter -->
<testsuite hostname="HOME" failures="0" tests="1" name="com.darkuros.selenium.tests.LoginTest" time="2.259" errors="0" timestamp="2025-07-15T11:10:41 IST" skipped="0">
  <testcase classname="com.darkuros.selenium.tests.LoginTest" name="isForgotPasswordLinkWorking" time="2.259"/>
</testsuite> <!-- com.darkuros.selenium.tests.LoginTest -->
