<?xml version="1.0" encoding="UTF-8"?>
<!-- Generated by org.testng.reporters.JUnitReportReporter -->
<testsuite hostname="Zenith" failures="0" tests="4" name="com.darkuros.selenium.tests.RegisterTest" time="14.460" errors="0" timestamp="2025-10-03T12:03:09 IST" skipped="0">
  <testcase classname="com.darkuros.selenium.tests.RegisterTest" name="passwordLessThan8Chars" time="5.139"/>
  <testcase classname="com.darkuros.selenium.tests.RegisterTest" name="registerUserWithOnlyRequiredFields" time="3.730"/>
  <testcase classname="com.darkuros.selenium.tests.RegisterTest" name="clickRegisterWithEmptyForm" time="3.284"/>
  <testcase classname="com.darkuros.selenium.tests.RegisterTest" name="registerUserWithValidDetails" time="2.307"/>
</testsuite> <!-- com.darkuros.selenium.tests.RegisterTest -->
