<?xml version="1.0" encoding="UTF-8"?>
<!-- Generated by org.testng.reporters.JUnitReportReporter -->
<testsuite hostname="HOME" failures="0" tests="6" name="com.darkuros.selenium.tests.LoginTest" time="45.202" errors="0" timestamp="2025-07-02T14:16:45 IST" skipped="0">
  <testcase classname="com.darkuros.selenium.tests.LoginTest" name="isRegisterLinkWorking" time="6.531"/>
  <testcase classname="com.darkuros.selenium.tests.LoginTest" name="loginScenarios" time="4.420"/>
  <testcase classname="com.darkuros.selenium.tests.LoginTest" name="loginScenarios" time="9.996"/>
  <testcase classname="com.darkuros.selenium.tests.LoginTest" name="loginScenarios" time="7.893"/>
  <testcase classname="com.darkuros.selenium.tests.LoginTest" name="loginScenarios" time="9.233"/>
  <testcase classname="com.darkuros.selenium.tests.LoginTest" name="isForgotPasswordLinkWorking" time="7.129"/>
</testsuite> <!-- com.darkuros.selenium.tests.LoginTest -->
