<?xml version="1.0" encoding="UTF-8"?>
<!-- Generated by org.testng.reporters.JUnitReportReporter -->
<testsuite hostname="HOME" failures="0" tests="1" name="com.darkuros.selenium.tests.RegisterTest" time="2.823" errors="0" timestamp="2025-06-29T11:25:36 IST" skipped="0">
  <testcase classname="com.darkuros.selenium.tests.RegisterTest" name="passwordLessThan8Chars" time="2.823"/>
</testsuite> <!-- com.darkuros.selenium.tests.RegisterTest -->
