<?xml version="1.0" encoding="UTF-8"?>
<!-- Generated by org.testng.reporters.JUnitReportReporter -->
<testsuite hostname="Zenith" failures="0" tests="4" name="com.darkuros.selenium.tests.RegisterTest" time="18.086" errors="0" timestamp="2025-09-21T18:35:08 IST" skipped="0">
  <testcase classname="com.darkuros.selenium.tests.RegisterTest" name="passwordLessThan8Chars" time="4.456"/>
  <testcase classname="com.darkuros.selenium.tests.RegisterTest" name="registerUserWithOnlyRequiredFields" time="3.125"/>
  <testcase classname="com.darkuros.selenium.tests.RegisterTest" name="clickRegisterWithEmptyForm" time="5.355"/>
  <testcase classname="com.darkuros.selenium.tests.RegisterTest" name="registerUserWithValidDetails" time="5.150"/>
</testsuite> <!-- com.darkuros.selenium.tests.RegisterTest -->
