<?xml version="1.0" encoding="UTF-8"?>
<!-- Generated by org.testng.reporters.JUnitReportReporter -->
<testsuite hostname="Zenith" failures="0" tests="6" name="com.darkuros.selenium.tests.LoginTest" time="26.886" errors="0" timestamp="2025-09-21T18:35:08 IST" skipped="0">
  <testcase classname="com.darkuros.selenium.tests.LoginTest" name="isForgotPasswordLinkWorking" time="3.588"/>
  <testcase classname="com.darkuros.selenium.tests.LoginTest" name="loginScenarios" time="4.240"/>
  <testcase classname="com.darkuros.selenium.tests.LoginTest" name="loginScenarios" time="4.067"/>
  <testcase classname="com.darkuros.selenium.tests.LoginTest" name="isRegisterLinkWorking" time="5.689"/>
  <testcase classname="com.darkuros.selenium.tests.LoginTest" name="loginScenarios" time="4.774"/>
  <testcase classname="com.darkuros.selenium.tests.LoginTest" name="loginScenarios" time="4.528"/>
</testsuite> <!-- com.darkuros.selenium.tests.LoginTest -->
