<?xml version="1.0" encoding="UTF-8"?>
<!-- Generated by org.testng.reporters.JUnitReportReporter -->
<testsuite hostname="HOME" failures="0" tests="6" name="com.darkuros.selenium.tests.LoginTest" time="15.800" errors="0" timestamp="2025-07-13T16:41:56 IST" skipped="0">
  <testcase classname="com.darkuros.selenium.tests.LoginTest" name="isForgotPasswordLinkWorking" time="1.313"/>
  <testcase classname="com.darkuros.selenium.tests.LoginTest" name="loginScenarios" time="3.019"/>
  <testcase classname="com.darkuros.selenium.tests.LoginTest" name="isRegisterLinkWorking" time="2.095"/>
  <testcase classname="com.darkuros.selenium.tests.LoginTest" name="loginScenarios" time="2.831"/>
  <testcase classname="com.darkuros.selenium.tests.LoginTest" name="loginScenarios" time="2.439"/>
  <testcase classname="com.darkuros.selenium.tests.LoginTest" name="loginScenarios" time="4.103"/>
</testsuite> <!-- com.darkuros.selenium.tests.LoginTest -->
