<?xml version="1.0" encoding="UTF-8"?>
<!-- Generated by org.testng.reporters.JUnitReportReporter -->
<testsuite hostname="HOME" failures="0" tests="7" name="com.darkuros.selenium.tests.ForgotPasswordTest" time="16.888" errors="0" timestamp="2025-06-29T10:59:23 IST" skipped="0">
  <testcase classname="com.darkuros.selenium.tests.ForgotPasswordTest" name="emptyPasswordAndConfirmPassword" time="2.377"/>
  <testcase classname="com.darkuros.selenium.tests.ForgotPasswordTest" name="emptyEmail" time="2.661"/>
  <testcase classname="com.darkuros.selenium.tests.ForgotPasswordTest" name="emptyPassword" time="2.831"/>
  <testcase classname="com.darkuros.selenium.tests.ForgotPasswordTest" name="saveNewPasswordWithValidCredentials" time="2.668"/>
  <testcase classname="com.darkuros.selenium.tests.ForgotPasswordTest" name="passwordsDontMatch" time="2.867"/>
  <testcase classname="com.darkuros.selenium.tests.ForgotPasswordTest" name="emptyConfirmPassword" time="1.683"/>
  <testcase classname="com.darkuros.selenium.tests.ForgotPasswordTest" name="invalidEmail" time="1.801"/>
</testsuite> <!-- com.darkuros.selenium.tests.ForgotPasswordTest -->
