<?xml version="1.0" encoding="UTF-8"?>
<!-- Generated by org.testng.reporters.JUnitReportReporter -->
<testsuite hostname="HOME" failures="0" tests="1" name="com.darkuros.selenium.tests.ForgotPasswordTest" time="12.845" errors="0" timestamp="2025-07-05T20:25:51 IST" skipped="0">
  <testcase classname="com.darkuros.selenium.tests.ForgotPasswordTest" name="saveNewPasswordWithValidCredentials" time="12.845"/>
</testsuite> <!-- com.darkuros.selenium.tests.ForgotPasswordTest -->
