<?xml version="1.0" encoding="UTF-8"?>
<!-- Generated by org.testng.reporters.JUnitReportReporter -->
<testsuite hostname="Zenith" failures="0" tests="4" name="com.darkuros.selenium.tests.LoginTest" time="11.503" errors="0" timestamp="2025-10-02T18:54:36 IST" skipped="0">
  <testcase classname="com.darkuros.selenium.tests.LoginTest" name="loginScenarios" time="1.502"/>
  <testcase classname="com.darkuros.selenium.tests.LoginTest" name="loginScenarios" time="1.934"/>
  <testcase classname="com.darkuros.selenium.tests.LoginTest" name="loginScenarios" time="2.830"/>
  <testcase classname="com.darkuros.selenium.tests.LoginTest" name="loginScenarios" time="5.237"/>
</testsuite> <!-- com.darkuros.selenium.tests.LoginTest -->
