<?xml version="1.0" encoding="UTF-8"?>
<!-- Generated by org.testng.reporters.JUnitReportReporter -->
<testsuite hostname="Zenith" failures="0" tests="7" name="com.darkuros.selenium.tests.LoginTest" time="28.010" errors="0" timestamp="2025-09-16T09:30:48 IST" skipped="1">
  <testcase classname="com.darkuros.selenium.tests.LoginTest" name="loginScenarios" time="3.511"/>
  <testcase classname="com.darkuros.selenium.tests.LoginTest" name="isForgotPasswordLinkWorking" time="3.259"/>
  <testcase classname="com.darkuros.selenium.tests.LoginTest" name="loginScenarios" time="4.431"/>
  <testcase classname="com.darkuros.selenium.tests.LoginTest" name="loginScenarios" time="3.343"/>
  <testcase classname="com.darkuros.selenium.tests.LoginTest" name="loginScenarios" time="5.203"/>
  <testcase classname="com.darkuros.selenium.tests.LoginTest" name="loginScenarios" time="3.999">
    <skipped/>
  </testcase> <!-- loginScenarios -->
  <testcase classname="com.darkuros.selenium.tests.LoginTest" name="isRegisterLinkWorking" time="4.264"/>
</testsuite> <!-- com.darkuros.selenium.tests.LoginTest -->
