<?xml version="1.0" encoding="UTF-8"?>
<!-- Generated by org.testng.reporters.JUnitReportReporter -->
<testsuite hostname="Zenith" failures="0" tests="8" name="com.darkuros.selenium.tests.LoginTest" time="38.916" errors="0" timestamp="2025-09-28T16:31:46 IST" skipped="2">
  <testcase classname="com.darkuros.selenium.tests.LoginTest" name="loginScenarios" time="3.795"/>
  <testcase classname="com.darkuros.selenium.tests.LoginTest" name="loginScenarios" time="5.618">
    <skipped/>
  </testcase> <!-- loginScenarios -->
  <testcase classname="com.darkuros.selenium.tests.LoginTest" name="loginScenarios" time="4.277">
    <skipped/>
  </testcase> <!-- loginScenarios -->
  <testcase classname="com.darkuros.selenium.tests.LoginTest" name="loginScenarios" time="6.088"/>
  <testcase classname="com.darkuros.selenium.tests.LoginTest" name="loginScenarios" time="5.234"/>
  <testcase classname="com.darkuros.selenium.tests.LoginTest" name="loginScenarios" time="5.765"/>
  <testcase classname="com.darkuros.selenium.tests.LoginTest" name="isRegisterLinkWorking" time="3.809"/>
  <testcase classname="com.darkuros.selenium.tests.LoginTest" name="isForgotPasswordLinkWorking" time="4.330"/>
</testsuite> <!-- com.darkuros.selenium.tests.LoginTest -->
