<?xml version="1.0" encoding="UTF-8"?>
<!-- Generated by org.testng.reporters.JUnitReportReporter -->
<testsuite hostname="HOME" failures="0" tests="6" name="com.darkuros.selenium.tests.LoginTest" time="48.420" errors="0" timestamp="2025-07-05T16:42:09 IST" skipped="0">
  <testcase classname="com.darkuros.selenium.tests.LoginTest" name="loginScenarios" time="8.016"/>
  <testcase classname="com.darkuros.selenium.tests.LoginTest" name="loginScenarios" time="7.046"/>
  <testcase classname="com.darkuros.selenium.tests.LoginTest" name="isForgotPasswordLinkWorking" time="8.227"/>
  <testcase classname="com.darkuros.selenium.tests.LoginTest" name="loginScenarios" time="8.288"/>
  <testcase classname="com.darkuros.selenium.tests.LoginTest" name="loginScenarios" time="8.573"/>
  <testcase classname="com.darkuros.selenium.tests.LoginTest" name="isRegisterLinkWorking" time="8.270"/>
</testsuite> <!-- com.darkuros.selenium.tests.LoginTest -->
