<?xml version="1.0" encoding="UTF-8"?>
<!-- Generated by org.testng.reporters.JUnitReportReporter -->
<testsuite hostname="HOME" failures="0" tests="4" name="com.darkuros.selenium.tests.RegisterTest" time="47.778" errors="0" timestamp="2025-07-02T15:04:26 IST" skipped="0">
  <testcase classname="com.darkuros.selenium.tests.RegisterTest" name="passwordLessThan8Chars" time="10.959"/>
  <testcase classname="com.darkuros.selenium.tests.RegisterTest" name="registerUserWithValidDetails" time="12.108"/>
  <testcase classname="com.darkuros.selenium.tests.RegisterTest" name="clickRegisterWithEmptyForm" time="11.692"/>
  <testcase classname="com.darkuros.selenium.tests.RegisterTest" name="registerUserWithOnlyRequiredFields" time="13.019"/>
</testsuite> <!-- com.darkuros.selenium.tests.RegisterTest -->
