<?xml version="1.0" encoding="UTF-8"?>
<!-- Generated by org.testng.reporters.JUnitReportReporter -->
<testsuite hostname="Zenith" failures="0" tests="7" name="com.darkuros.selenium.tests.ForgotPasswordTest" time="43.274" errors="0" timestamp="2025-09-27T18:46:51 IST" skipped="0">
  <testcase classname="com.darkuros.selenium.tests.ForgotPasswordTest" name="emptyPasswordAndConfirmPassword" time="5.587"/>
  <testcase classname="com.darkuros.selenium.tests.ForgotPasswordTest" name="saveNewPasswordWithValidCredentials" time="6.758"/>
  <testcase classname="com.darkuros.selenium.tests.ForgotPasswordTest" name="emptyEmail" time="7.292"/>
  <testcase classname="com.darkuros.selenium.tests.ForgotPasswordTest" name="emptyConfirmPassword" time="4.138"/>
  <testcase classname="com.darkuros.selenium.tests.ForgotPasswordTest" name="invalidEmail" time="7.955"/>
  <testcase classname="com.darkuros.selenium.tests.ForgotPasswordTest" name="passwordsDontMatch" time="4.699"/>
  <testcase classname="com.darkuros.selenium.tests.ForgotPasswordTest" name="emptyPassword" time="6.845"/>
</testsuite> <!-- com.darkuros.selenium.tests.ForgotPasswordTest -->
