<?xml version="1.0" encoding="UTF-8"?>
<!-- Generated by org.testng.reporters.JUnitReportReporter -->
<testsuite hostname="Zenith" failures="0" tests="2" name="com.darkuros.selenium.tests.LoginTest" time="4.285" errors="0" timestamp="2025-10-03T11:11:13 IST" skipped="0">
  <testcase classname="com.darkuros.selenium.tests.LoginTest" name="isRegisterLinkWorking" time="3.025"/>
  <testcase classname="com.darkuros.selenium.tests.LoginTest" name="isForgotPasswordLinkWorking" time="1.260"/>
</testsuite> <!-- com.darkuros.selenium.tests.LoginTest -->
